Using pre-set license
Built from '2022.3/staging' branch; Version is '2022.3.7f1 (b16b3b16c7a0) revision 11627323'; Using compiler version '192829333'; Build Type 'Release'
OS: 'Windows 10  (10.0.19045) 64bit Professional' Language: 'en' Physical Memory: 16294 MB
BatchMode: 1, IsHumanControllingUs: 0, StartBugReporterOnCrash: 0, Is64bit: 1, IsPro: 1

COMMAND LINE ARGUMENTS:
D:\programs\Unity Editors\2022.3.7f1\Editor\Unity.exe
-adb2
-batchMode
-noUpm
-name
AssetImportWorker2
-projectPath
D:/projects/Git/Shell-Texturing/Shell Texturing
-logFile
Logs/AssetImportWorker2.log
-srvPort
53953
Successfully changed project path to: D:/projects/Git/Shell-Texturing/Shell Texturing
D:/projects/Git/Shell-Texturing/Shell Texturing
[UnityMemory] Configuration Parameters - Can be set up in boot.config
    "memorysetup-bucket-allocator-granularity=16"
    "memorysetup-bucket-allocator-bucket-count=8"
    "memorysetup-bucket-allocator-block-size=33554432"
    "memorysetup-bucket-allocator-block-count=8"
    "memorysetup-main-allocator-block-size=16777216"
    "memorysetup-thread-allocator-block-size=16777216"
    "memorysetup-gfx-main-allocator-block-size=16777216"
    "memorysetup-gfx-thread-allocator-block-size=16777216"
    "memorysetup-cache-allocator-block-size=4194304"
    "memorysetup-typetree-allocator-block-size=2097152"
    "memorysetup-profiler-bucket-allocator-granularity=16"
    "memorysetup-profiler-bucket-allocator-bucket-count=8"
    "memorysetup-profiler-bucket-allocator-block-size=33554432"
    "memorysetup-profiler-bucket-allocator-block-count=8"
    "memorysetup-profiler-allocator-block-size=16777216"
    "memorysetup-profiler-editor-allocator-block-size=1048576"
    "memorysetup-temp-allocator-size-main=16777216"
    "memorysetup-job-temp-allocator-block-size=2097152"
    "memorysetup-job-temp-allocator-block-size-background=1048576"
    "memorysetup-job-temp-allocator-reduction-small-platforms=262144"
    "memorysetup-allocator-temp-initial-block-size-main=262144"
    "memorysetup-allocator-temp-initial-block-size-worker=262144"
    "memorysetup-temp-allocator-size-background-worker=32768"
    "memorysetup-temp-allocator-size-job-worker=262144"
    "memorysetup-temp-allocator-size-preload-manager=33554432"
    "memorysetup-temp-allocator-size-nav-mesh-worker=65536"
    "memorysetup-temp-allocator-size-audio-worker=65536"
    "memorysetup-temp-allocator-size-cloud-worker=32768"
    "memorysetup-temp-allocator-size-gi-baking-worker=262144"
    "memorysetup-temp-allocator-size-gfx=262144"
Player connection [21556] Host "[IP] 192.168.2.221 [Port] 0 [Flags] 2 [Guid] 2961717362 [EditorId] 2961717362 [Version] 1048832 [Id] WindowsEditor(7,DESKTOP-J5TC0EM) [Debug] 1 [PackageName] WindowsEditor [ProjectName] Editor" joined multi-casting on [225.0.0.222:54997]...

Player connection [21556] Host "[IP] 192.168.2.221 [Port] 0 [Flags] 2 [Guid] 2961717362 [EditorId] 2961717362 [Version] 1048832 [Id] WindowsEditor(7,DESKTOP-J5TC0EM) [Debug] 1 [PackageName] WindowsEditor [ProjectName] Editor" joined alternative multi-casting on [225.0.0.222:34997]...

Refreshing native plugins compatible for Editor in 76.71 ms, found 3 plugins.
Preloading 0 native plugins for Editor in 0.00 ms.
Initialize engine version: 2022.3.7f1 (b16b3b16c7a0)
[Subsystems] Discovering subsystems at path D:/programs/Unity Editors/2022.3.7f1/Editor/Data/Resources/UnitySubsystems
[Subsystems] Discovering subsystems at path D:/projects/Git/Shell-Texturing/Shell Texturing/Assets
GfxDevice: creating device client; threaded=0; jobified=0
Direct3D:
    Version:  Direct3D 11.0 [level 11.1]
    Renderer: NVIDIA GeForce GTX 1650 (ID=0x1f82)
    Vendor:   NVIDIA
    VRAM:     3935 MB
    Driver:   32.0.15.6094
Initialize mono
Mono path[0] = 'D:/programs/Unity Editors/2022.3.7f1/Editor/Data/Managed'
Mono path[1] = 'D:/programs/Unity Editors/2022.3.7f1/Editor/Data/MonoBleedingEdge/lib/mono/unityjit-win32'
Mono config path = 'D:/programs/Unity Editors/2022.3.7f1/Editor/Data/MonoBleedingEdge/etc'
Using monoOptions --debugger-agent=transport=dt_socket,embedding=1,server=y,suspend=n,address=127.0.0.1:56740
Begin MonoManager ReloadAssembly
Registering precompiled unity dll's ...
Register platform support module: D:/programs/Unity Editors/2022.3.7f1/Editor/Data/PlaybackEngines/WindowsStandaloneSupport/UnityEditor.WindowsStandalone.Extensions.dll
Register platform support module: D:/programs/Unity Editors/2022.3.7f1/Editor/Data/PlaybackEngines/MetroSupport/UnityEditor.UWP.Extensions.dll
Registered in 0.004716 seconds.
- Loaded All Assemblies, in  1.879 seconds
Native extension for UWP target not found
Native extension for WindowsStandalone target not found
Mono: successfully reloaded assembly
- Finished resetting the current domain, in  0.257 seconds
Domain Reload Profiling: 2135ms
	BeginReloadAssembly (131ms)
		ExecutionOrderSort (0ms)
		DisableScriptedObjects (0ms)
		BackupInstance (0ms)
		ReleaseScriptingObjects (0ms)
		CreateAndSetChildDomain (1ms)
	RebuildCommonClasses (578ms)
	RebuildNativeTypeToScriptingClass (11ms)
	initialDomainReloadingComplete (47ms)
	LoadAllAssembliesAndSetupDomain (1112ms)
		LoadAssemblies (130ms)
		RebuildTransferFunctionScriptingTraits (0ms)
		AnalyzeDomain (1110ms)
			TypeCache.Refresh (1108ms)
				TypeCache.ScanAssembly (803ms)
			ScanForSourceGeneratedMonoScriptInfo (0ms)
			ResolveRequiredComponents (0ms)
	FinalizeReload (257ms)
		ReleaseScriptCaches (0ms)
		RebuildScriptCaches (0ms)
		SetupLoadedEditorAssemblies (199ms)
			LogAssemblyErrors (0ms)
			InitializePlatformSupportModulesInManaged (8ms)
			SetLoadedEditorAssemblies (6ms)
			RefreshPlugins (0ms)
			BeforeProcessingInitializeOnLoad (3ms)
			ProcessInitializeOnLoadAttributes (124ms)
			ProcessInitializeOnLoadMethodAttributes (58ms)
			AfterProcessingInitializeOnLoad (0ms)
			EditorAssembliesLoaded (0ms)
		ExecutionOrderSort2 (0ms)
		AwakeInstancesAfterBackupRestoration (0ms)
========================================================================
Worker process is ready to serve import requests
Begin MonoManager ReloadAssembly
Symbol file LoadedFromMemory doesn't match image D:\projects\Git\Shell-Texturing\Shell Texturing\Library\PackageCache\com.unity.visualscripting@1.8.0\Editor\VisualScripting.Core\Dependencies\YamlDotNet\Unity.VisualScripting.YamlDotNet.dll
Symbol file LoadedFromMemory doesn't match image D:\projects\Git\Shell-Texturing\Shell Texturing\Library\PackageCache\com.unity.visualscripting@1.8.0\Editor\VisualScripting.Core\Dependencies\DotNetZip\Unity.VisualScripting.IonicZip.dll
- Loaded All Assemblies, in  6.061 seconds
Refreshing native plugins compatible for Editor in 1.79 ms, found 3 plugins.
Native extension for UWP target not found
Native extension for WindowsStandalone target not found
Mono: successfully reloaded assembly
- Finished resetting the current domain, in  0.537 seconds
Domain Reload Profiling: 6598ms
	BeginReloadAssembly (141ms)
		ExecutionOrderSort (0ms)
		DisableScriptedObjects (5ms)
		BackupInstance (0ms)
		ReleaseScriptingObjects (0ms)
		CreateAndSetChildDomain (19ms)
	RebuildCommonClasses (36ms)
	RebuildNativeTypeToScriptingClass (11ms)
	initialDomainReloadingComplete (36ms)
	LoadAllAssembliesAndSetupDomain (5836ms)
		LoadAssemblies (5444ms)
		RebuildTransferFunctionScriptingTraits (0ms)
		AnalyzeDomain (472ms)
			TypeCache.Refresh (454ms)
				TypeCache.ScanAssembly (372ms)
			ScanForSourceGeneratedMonoScriptInfo (13ms)
			ResolveRequiredComponents (4ms)
	FinalizeReload (537ms)
		ReleaseScriptCaches (0ms)
		RebuildScriptCaches (0ms)
		SetupLoadedEditorAssemblies (392ms)
			LogAssemblyErrors (0ms)
			InitializePlatformSupportModulesInManaged (5ms)
			SetLoadedEditorAssemblies (5ms)
			RefreshPlugins (0ms)
			BeforeProcessingInitializeOnLoad (82ms)
			ProcessInitializeOnLoadAttributes (277ms)
			ProcessInitializeOnLoadMethodAttributes (19ms)
			AfterProcessingInitializeOnLoad (3ms)
			EditorAssembliesLoaded (0ms)
		ExecutionOrderSort2 (0ms)
		AwakeInstancesAfterBackupRestoration (11ms)
Launched and connected shader compiler UnityShaderCompiler.exe after 0.07 seconds
Refreshing native plugins compatible for Editor in 1.75 ms, found 3 plugins.
Preloading 0 native plugins for Editor in 0.00 ms.
Unloading 3067 Unused Serialized files (Serialized files now loaded: 0)
Unloading 31 unused Assets / (56.4 KB). Loaded Objects now: 3529.
Memory consumption went from 114.2 MB to 114.2 MB.
Total: 3.094600 ms (FindLiveObjects: 0.258900 ms CreateObjectMapping: 0.223900 ms MarkObjects: 2.514100 ms  DeleteObjects: 0.096700 ms)

AssetImportParameters requested are different than current active one (requested -> active):
  custom:container-demuxer-ogg: 62fdf1f143b41e24485cea50d1cbac27 -> 
  custom:video-decoder-ogg-theora: a1e56fd34408186e4bbccfd4996cb3dc -> 
  custom:framework-win-MediaFoundation: 216162199b28c13a410421893ffa2e32 -> 
  custom:CustomObjectIndexerAttribute: 756ad292c208cfabdd7b50bc23989ffe -> 
  custom:container-demuxer-webm: 4f35f7cbe854078d1ac9338744f61a02 -> 
  custom:container-muxer-webm: aa71ff27fc2769a1b78a27578f13a17b -> 
  custom:video-decoder-webm-vp8: 9c59270c3fd7afecdb556c50c9e8de78 -> 
  custom:SearchIndexIgnoredProperties: e643bd26f0fe6173181afceb89e7c659 -> 
  custom:AudioImporter_EditorPlatform: d09bf68614088b80899f8185d706f6e7 -> 
  custom:video-encoder-webm-vp8: eb34c28f22e8b96e1ab97ce403110664 -> 
  custom:audio-decoder-ogg-vorbis: bf7c407c2cedff20999df2af8eb42d56 -> 
  custom:audio-encoder-webm-vorbis: bf7c407c2cedff20999df2af8eb42d56 -> 
========================================================================
Received Import Request.
  Time since last request: 1015247.911443 seconds.
  path: Assets/Materials/Shell Mat.mat
  artifactKey: Guid(80850ef514a8c0a4f9bd55bd9b025e1f) Importer(815301076,1909f56bfc062723c751e8b465ee728b)
Start importing Assets/Materials/Shell Mat.mat using Guid(80850ef514a8c0a4f9bd55bd9b025e1f) Importer(815301076,1909f56bfc062723c751e8b465ee728b)  -> (artifact id: '125f2d61f217968a130b79d523382743') in 0.177516 seconds
Number of updated asset objects reloaded before import = 1
Number of asset objects unloaded after import = 2
========================================================================
Received Import Request.
  Time since last request: 0.000018 seconds.
  path: Assets/Materials/Shell Mat 2.mat
  artifactKey: Guid(141cffb7bda66804389b79e20f9102cf) Importer(815301076,1909f56bfc062723c751e8b465ee728b)
Start importing Assets/Materials/Shell Mat 2.mat using Guid(141cffb7bda66804389b79e20f9102cf) Importer(815301076,1909f56bfc062723c751e8b465ee728b)  -> (artifact id: 'f3392c0488c10d299996069986638ab7') in 0.014703 seconds
Number of updated asset objects reloaded before import = 0
Number of asset objects unloaded after import = 2
========================================================================
Received Import Request.
  Time since last request: 0.000021 seconds.
  path: Assets/Materials/Shell Mat 3.mat
  artifactKey: Guid(b6352f6c7b89c964d9600b6e8b27c08d) Importer(815301076,1909f56bfc062723c751e8b465ee728b)
Start importing Assets/Materials/Shell Mat 3.mat using Guid(b6352f6c7b89c964d9600b6e8b27c08d) Importer(815301076,1909f56bfc062723c751e8b465ee728b)  -> (artifact id: 'b9d25f24073039e17e202d1d8525ba4e') in 0.019190 seconds
Number of updated asset objects reloaded before import = 0
Number of asset objects unloaded after import = 2
========================================================================
Received Import Request.
  Time since last request: 0.000016 seconds.
  path: Assets/Materials/Shell Mat 4.mat
  artifactKey: Guid(1fc51ea947cd38e48bc59d8da85c3f58) Importer(815301076,1909f56bfc062723c751e8b465ee728b)
Start importing Assets/Materials/Shell Mat 4.mat using Guid(1fc51ea947cd38e48bc59d8da85c3f58) Importer(815301076,1909f56bfc062723c751e8b465ee728b)  -> (artifact id: '69972045a7bf73d519ef39776205e6dd') in 0.014883 seconds
Number of updated asset objects reloaded before import = 0
Number of asset objects unloaded after import = 2
========================================================================
Received Import Request.
  Time since last request: 7.866861 seconds.
  path: Assets/Materials/Shell Mat 5.mat
  artifactKey: Guid(0c2f44643547545409a1c77f89ca47a2) Importer(815301076,1909f56bfc062723c751e8b465ee728b)
Start importing Assets/Materials/Shell Mat 5.mat using Guid(0c2f44643547545409a1c77f89ca47a2) Importer(815301076,1909f56bfc062723c751e8b465ee728b)  -> (artifact id: 'ee18fb3e3bc4fc895db3041d23803523') in 0.017651 seconds
Number of updated asset objects reloaded before import = 0
Number of asset objects unloaded after import = 2
========================================================================
Received Import Request.
  Time since last request: 44.027754 seconds.
  path: Assets/Materials/Shell Mat.mat
  artifactKey: Guid(80850ef514a8c0a4f9bd55bd9b025e1f) Importer(815301076,1909f56bfc062723c751e8b465ee728b)
Start importing Assets/Materials/Shell Mat.mat using Guid(80850ef514a8c0a4f9bd55bd9b025e1f) Importer(815301076,1909f56bfc062723c751e8b465ee728b)  -> (artifact id: '0cbfb5b9d39a1c98aca1a3e812e550b1') in 0.143186 seconds
Number of updated asset objects reloaded before import = 1
Number of asset objects unloaded after import = 2
========================================================================
Received Import Request.
  Time since last request: 0.000013 seconds.
  path: Assets/Materials/Shell Mat 3.mat
  artifactKey: Guid(b6352f6c7b89c964d9600b6e8b27c08d) Importer(815301076,1909f56bfc062723c751e8b465ee728b)
Start importing Assets/Materials/Shell Mat 3.mat using Guid(b6352f6c7b89c964d9600b6e8b27c08d) Importer(815301076,1909f56bfc062723c751e8b465ee728b)  -> (artifact id: 'fd8789fe613ee23cefc4fe9f06c38abe') in 0.030012 seconds
Number of updated asset objects reloaded before import = 0
Number of asset objects unloaded after import = 2
========================================================================
Received Import Request.
  Time since last request: 0.000017 seconds.
  path: Assets/Materials/Shell Mat 4.mat
  artifactKey: Guid(1fc51ea947cd38e48bc59d8da85c3f58) Importer(815301076,1909f56bfc062723c751e8b465ee728b)
Start importing Assets/Materials/Shell Mat 4.mat using Guid(1fc51ea947cd38e48bc59d8da85c3f58) Importer(815301076,1909f56bfc062723c751e8b465ee728b)  -> (artifact id: '063b25948e194c0ccc84e5643b80c96e') in 0.013818 seconds
Number of updated asset objects reloaded before import = 0
Number of asset objects unloaded after import = 2
========================================================================
Received Import Request.
  Time since last request: 31.901780 seconds.
  path: Assets/Materials/Shell Mat.mat
  artifactKey: Guid(80850ef514a8c0a4f9bd55bd9b025e1f) Importer(815301076,1909f56bfc062723c751e8b465ee728b)
Start importing Assets/Materials/Shell Mat.mat using Guid(80850ef514a8c0a4f9bd55bd9b025e1f) Importer(815301076,1909f56bfc062723c751e8b465ee728b)  -> (artifact id: '8cde79a1f011c272114def6b9de57898') in 0.055903 seconds
Number of updated asset objects reloaded before import = 1
Number of asset objects unloaded after import = 2
========================================================================
Received Import Request.
  Time since last request: 0.000015 seconds.
  path: Assets/Materials/Shell Mat 5.mat
  artifactKey: Guid(0c2f44643547545409a1c77f89ca47a2) Importer(815301076,1909f56bfc062723c751e8b465ee728b)
Start importing Assets/Materials/Shell Mat 5.mat using Guid(0c2f44643547545409a1c77f89ca47a2) Importer(815301076,1909f56bfc062723c751e8b465ee728b)  -> (artifact id: '6e5ef4e9ff34b768b7ea34153956ffde') in 0.078942 seconds
Number of updated asset objects reloaded before import = 0
Number of asset objects unloaded after import = 2
========================================================================
Received Import Request.
  Time since last request: 55.414976 seconds.
  path: Assets/Materials/Shell Mat.mat
  artifactKey: Guid(80850ef514a8c0a4f9bd55bd9b025e1f) Importer(815301076,1909f56bfc062723c751e8b465ee728b)
Start importing Assets/Materials/Shell Mat.mat using Guid(80850ef514a8c0a4f9bd55bd9b025e1f) Importer(815301076,1909f56bfc062723c751e8b465ee728b)  -> (artifact id: 'ad232b3a06b6fa773d9935a116905644') in 0.068627 seconds
Number of updated asset objects reloaded before import = 1
Number of asset objects unloaded after import = 2
========================================================================
Received Import Request.
  Time since last request: 0.000017 seconds.
  path: Assets/Materials/Shell Mat 5.mat
  artifactKey: Guid(0c2f44643547545409a1c77f89ca47a2) Importer(815301076,1909f56bfc062723c751e8b465ee728b)
Start importing Assets/Materials/Shell Mat 5.mat using Guid(0c2f44643547545409a1c77f89ca47a2) Importer(815301076,1909f56bfc062723c751e8b465ee728b)  -> (artifact id: 'a1fe6fb5aac8083b0da87112b774fc9d') in 0.018160 seconds
Number of updated asset objects reloaded before import = 0
Number of asset objects unloaded after import = 2
========================================================================
Received Import Request.
  Time since last request: 0.000021 seconds.
  path: Assets/Materials/Shell Mat 4.mat
  artifactKey: Guid(1fc51ea947cd38e48bc59d8da85c3f58) Importer(815301076,1909f56bfc062723c751e8b465ee728b)
Start importing Assets/Materials/Shell Mat 4.mat using Guid(1fc51ea947cd38e48bc59d8da85c3f58) Importer(815301076,1909f56bfc062723c751e8b465ee728b)  -> (artifact id: 'b6cf7afad8f72379c7542d29e6d3b1d3') in 0.020130 seconds
Number of updated asset objects reloaded before import = 0
Number of asset objects unloaded after import = 2
========================================================================
Received Import Request.
  Time since last request: 23.308166 seconds.
  path: Assets/Materials/Shell Mat.mat
  artifactKey: Guid(80850ef514a8c0a4f9bd55bd9b025e1f) Importer(815301076,1909f56bfc062723c751e8b465ee728b)
Start importing Assets/Materials/Shell Mat.mat using Guid(80850ef514a8c0a4f9bd55bd9b025e1f) Importer(815301076,1909f56bfc062723c751e8b465ee728b)  -> (artifact id: 'dea766ab938a28d64af857e34034704d') in 0.029685 seconds
Number of updated asset objects reloaded before import = 1
Number of asset objects unloaded after import = 2
========================================================================
Received Import Request.
  Time since last request: 0.000019 seconds.
  path: Assets/Materials/Shell Mat 3.mat
  artifactKey: Guid(b6352f6c7b89c964d9600b6e8b27c08d) Importer(815301076,1909f56bfc062723c751e8b465ee728b)
Start importing Assets/Materials/Shell Mat 3.mat using Guid(b6352f6c7b89c964d9600b6e8b27c08d) Importer(815301076,1909f56bfc062723c751e8b465ee728b)  -> (artifact id: '6ad2224c95bb18ee2583518c404c8937') in 0.031427 seconds
Number of updated asset objects reloaded before import = 0
Number of asset objects unloaded after import = 2
========================================================================
Received Import Request.
  Time since last request: 0.000015 seconds.
  path: Assets/Materials/Shell Mat 4.mat
  artifactKey: Guid(1fc51ea947cd38e48bc59d8da85c3f58) Importer(815301076,1909f56bfc062723c751e8b465ee728b)
Start importing Assets/Materials/Shell Mat 4.mat using Guid(1fc51ea947cd38e48bc59d8da85c3f58) Importer(815301076,1909f56bfc062723c751e8b465ee728b)  -> (artifact id: '50150e09098a6645a7fcf2795724b941') in 0.022994 seconds
Number of updated asset objects reloaded before import = 0
Number of asset objects unloaded after import = 2
========================================================================
Received Import Request.
  Time since last request: 8.112018 seconds.
  path: Assets/Materials/Shell Mat.mat
  artifactKey: Guid(80850ef514a8c0a4f9bd55bd9b025e1f) Importer(815301076,1909f56bfc062723c751e8b465ee728b)
Start importing Assets/Materials/Shell Mat.mat using Guid(80850ef514a8c0a4f9bd55bd9b025e1f) Importer(815301076,1909f56bfc062723c751e8b465ee728b)  -> (artifact id: 'd13b35be7d069c36fc6aa9d7bd4343ab') in 0.033660 seconds
Number of updated asset objects reloaded before import = 1
Number of asset objects unloaded after import = 2
========================================================================
Received Import Request.
  Time since last request: 0.000022 seconds.
  path: Assets/Materials/Shell Mat 5.mat
  artifactKey: Guid(0c2f44643547545409a1c77f89ca47a2) Importer(815301076,1909f56bfc062723c751e8b465ee728b)
Start importing Assets/Materials/Shell Mat 5.mat using Guid(0c2f44643547545409a1c77f89ca47a2) Importer(815301076,1909f56bfc062723c751e8b465ee728b)  -> (artifact id: 'acab13508f95797af9ac9b50526327e1') in 0.013802 seconds
Number of updated asset objects reloaded before import = 0
Number of asset objects unloaded after import = 2
========================================================================
Received Import Request.
  Time since last request: 17.018850 seconds.
  path: Assets/Materials/Shell Mat.mat
  artifactKey: Guid(80850ef514a8c0a4f9bd55bd9b025e1f) Importer(815301076,1909f56bfc062723c751e8b465ee728b)
Start importing Assets/Materials/Shell Mat.mat using Guid(80850ef514a8c0a4f9bd55bd9b025e1f) Importer(815301076,1909f56bfc062723c751e8b465ee728b)  -> (artifact id: '3deb6ffa6729c100cf43a21d0431cfa5') in 0.029186 seconds
Number of updated asset objects reloaded before import = 1
Number of asset objects unloaded after import = 2
========================================================================
Received Import Request.
  Time since last request: 0.000015 seconds.
  path: Assets/Materials/Shell Mat 3.mat
  artifactKey: Guid(b6352f6c7b89c964d9600b6e8b27c08d) Importer(815301076,1909f56bfc062723c751e8b465ee728b)
Start importing Assets/Materials/Shell Mat 3.mat using Guid(b6352f6c7b89c964d9600b6e8b27c08d) Importer(815301076,1909f56bfc062723c751e8b465ee728b)  -> (artifact id: 'b3bdcad563897f7ac67054dbcc986bfb') in 0.058230 seconds
Number of updated asset objects reloaded before import = 0
Number of asset objects unloaded after import = 2
========================================================================
Received Import Request.
  Time since last request: 8.857989 seconds.
  path: Assets/Materials/Shell Mat.mat
  artifactKey: Guid(80850ef514a8c0a4f9bd55bd9b025e1f) Importer(815301076,1909f56bfc062723c751e8b465ee728b)
Start importing Assets/Materials/Shell Mat.mat using Guid(80850ef514a8c0a4f9bd55bd9b025e1f) Importer(815301076,1909f56bfc062723c751e8b465ee728b)  -> (artifact id: '8925ca63de51e5ba621064a46d8f0287') in 0.045962 seconds
Number of updated asset objects reloaded before import = 1
Number of asset objects unloaded after import = 2
========================================================================
Received Import Request.
  Time since last request: 0.000017 seconds.
  path: Assets/Materials/Shell Mat 5.mat
  artifactKey: Guid(0c2f44643547545409a1c77f89ca47a2) Importer(815301076,1909f56bfc062723c751e8b465ee728b)
Start importing Assets/Materials/Shell Mat 5.mat using Guid(0c2f44643547545409a1c77f89ca47a2) Importer(815301076,1909f56bfc062723c751e8b465ee728b)  -> (artifact id: '13958a3eb2e6675733ee8e2d3b982d92') in 0.029906 seconds
Number of updated asset objects reloaded before import = 0
Number of asset objects unloaded after import = 2
========================================================================
Received Import Request.
  Time since last request: 0.000023 seconds.
  path: Assets/Materials/Shell Mat 4.mat
  artifactKey: Guid(1fc51ea947cd38e48bc59d8da85c3f58) Importer(815301076,1909f56bfc062723c751e8b465ee728b)
Start importing Assets/Materials/Shell Mat 4.mat using Guid(1fc51ea947cd38e48bc59d8da85c3f58) Importer(815301076,1909f56bfc062723c751e8b465ee728b)  -> (artifact id: 'ce85dfd4aee6c152f8272ac5045352a9') in 0.026384 seconds
Number of updated asset objects reloaded before import = 0
Number of asset objects unloaded after import = 2
========================================================================
Received Import Request.
  Time since last request: 58.572163 seconds.
  path: Assets/Materials/Shell Mat.mat
  artifactKey: Guid(80850ef514a8c0a4f9bd55bd9b025e1f) Importer(815301076,1909f56bfc062723c751e8b465ee728b)
Start importing Assets/Materials/Shell Mat.mat using Guid(80850ef514a8c0a4f9bd55bd9b025e1f) Importer(815301076,1909f56bfc062723c751e8b465ee728b)  -> (artifact id: '47e3ea0353318abfdc2dbc7e671ca0ee') in 0.053722 seconds
Number of updated asset objects reloaded before import = 1
Number of asset objects unloaded after import = 2
========================================================================
Received Import Request.
  Time since last request: 0.000017 seconds.
  path: Assets/Materials/Shell Mat 3.mat
  artifactKey: Guid(b6352f6c7b89c964d9600b6e8b27c08d) Importer(815301076,1909f56bfc062723c751e8b465ee728b)
Start importing Assets/Materials/Shell Mat 3.mat using Guid(b6352f6c7b89c964d9600b6e8b27c08d) Importer(815301076,1909f56bfc062723c751e8b465ee728b)  -> (artifact id: '475cc1b9c6ba1cf43513a3d03586d561') in 0.015578 seconds
Number of updated asset objects reloaded before import = 0
Number of asset objects unloaded after import = 2
========================================================================
Received Import Request.
  Time since last request: 26.842697 seconds.
  path: Assets/Materials/Shell Mat.mat
  artifactKey: Guid(80850ef514a8c0a4f9bd55bd9b025e1f) Importer(815301076,1909f56bfc062723c751e8b465ee728b)
Start importing Assets/Materials/Shell Mat.mat using Guid(80850ef514a8c0a4f9bd55bd9b025e1f) Importer(815301076,1909f56bfc062723c751e8b465ee728b)  -> (artifact id: '166059b9042ded09d09a44ae1860de69') in 0.044894 seconds
Number of updated asset objects reloaded before import = 1
Number of asset objects unloaded after import = 2
========================================================================
Received Import Request.
  Time since last request: 0.000014 seconds.
  path: Assets/Materials/Shell Mat 3.mat
  artifactKey: Guid(b6352f6c7b89c964d9600b6e8b27c08d) Importer(815301076,1909f56bfc062723c751e8b465ee728b)
Start importing Assets/Materials/Shell Mat 3.mat using Guid(b6352f6c7b89c964d9600b6e8b27c08d) Importer(815301076,1909f56bfc062723c751e8b465ee728b)  -> (artifact id: '4fcd6fe4bda42fcf3cd392607edf3adb') in 0.065593 seconds
Number of updated asset objects reloaded before import = 0
Number of asset objects unloaded after import = 2
========================================================================
Received Import Request.
  Time since last request: 48.705374 seconds.
  path: Assets/Materials/Shell Mat.mat
  artifactKey: Guid(80850ef514a8c0a4f9bd55bd9b025e1f) Importer(815301076,1909f56bfc062723c751e8b465ee728b)
Start importing Assets/Materials/Shell Mat.mat using Guid(80850ef514a8c0a4f9bd55bd9b025e1f) Importer(815301076,1909f56bfc062723c751e8b465ee728b)  -> (artifact id: '6323bcadcd9e755939e0f057b1a41121') in 0.142244 seconds
Number of updated asset objects reloaded before import = 1
Number of asset objects unloaded after import = 2
========================================================================
Received Import Request.
  Time since last request: 7.250677 seconds.
  path: Assets/Materials/Shell Mat.mat
  artifactKey: Guid(80850ef514a8c0a4f9bd55bd9b025e1f) Importer(815301076,1909f56bfc062723c751e8b465ee728b)
Start importing Assets/Materials/Shell Mat.mat using Guid(80850ef514a8c0a4f9bd55bd9b025e1f) Importer(815301076,1909f56bfc062723c751e8b465ee728b)  -> (artifact id: '193ab05b9a439fc2194526f1621ec348') in 0.067140 seconds
Number of updated asset objects reloaded before import = 1
Number of asset objects unloaded after import = 2
========================================================================
Received Import Request.
  Time since last request: 0.000012 seconds.
  path: Assets/Materials/Shell Mat 5.mat
  artifactKey: Guid(0c2f44643547545409a1c77f89ca47a2) Importer(815301076,1909f56bfc062723c751e8b465ee728b)
Start importing Assets/Materials/Shell Mat 5.mat using Guid(0c2f44643547545409a1c77f89ca47a2) Importer(815301076,1909f56bfc062723c751e8b465ee728b)  -> (artifact id: '5cf2415e4840504fa01c386660040b78') in 0.081454 seconds
Number of updated asset objects reloaded before import = 0
Number of asset objects unloaded after import = 2
========================================================================
Received Import Request.
  Time since last request: 41.150236 seconds.
  path: Assets/Materials/Shell Mat.mat
  artifactKey: Guid(80850ef514a8c0a4f9bd55bd9b025e1f) Importer(815301076,1909f56bfc062723c751e8b465ee728b)
Start importing Assets/Materials/Shell Mat.mat using Guid(80850ef514a8c0a4f9bd55bd9b025e1f) Importer(815301076,1909f56bfc062723c751e8b465ee728b)  -> (artifact id: 'b777ef576cd3a66477bc2fb5ae8f9b3e') in 0.077203 seconds
Number of updated asset objects reloaded before import = 1
Number of asset objects unloaded after import = 2
========================================================================
Received Import Request.
  Time since last request: 25.757231 seconds.
  path: Assets/Materials/Shell Mat.mat
  artifactKey: Guid(80850ef514a8c0a4f9bd55bd9b025e1f) Importer(815301076,1909f56bfc062723c751e8b465ee728b)
Start importing Assets/Materials/Shell Mat.mat using Guid(80850ef514a8c0a4f9bd55bd9b025e1f) Importer(815301076,1909f56bfc062723c751e8b465ee728b)  -> (artifact id: '168658f6a307676b723712dc1a3b018a') in 0.058157 seconds
Number of updated asset objects reloaded before import = 1
Number of asset objects unloaded after import = 2
========================================================================
Received Import Request.
  Time since last request: 0.000015 seconds.
  path: Assets/Materials/Shell Mat 3.mat
  artifactKey: Guid(b6352f6c7b89c964d9600b6e8b27c08d) Importer(815301076,1909f56bfc062723c751e8b465ee728b)
Start importing Assets/Materials/Shell Mat 3.mat using Guid(b6352f6c7b89c964d9600b6e8b27c08d) Importer(815301076,1909f56bfc062723c751e8b465ee728b)  -> (artifact id: 'ec772f971c9e2cb87640e6b2805419af') in 0.058199 seconds
Number of updated asset objects reloaded before import = 0
Number of asset objects unloaded after import = 2
========================================================================
Received Import Request.
  Time since last request: 20.687879 seconds.
  path: Assets/Materials/Shell Mat.mat
  artifactKey: Guid(80850ef514a8c0a4f9bd55bd9b025e1f) Importer(815301076,1909f56bfc062723c751e8b465ee728b)
Start importing Assets/Materials/Shell Mat.mat using Guid(80850ef514a8c0a4f9bd55bd9b025e1f) Importer(815301076,1909f56bfc062723c751e8b465ee728b)  -> (artifact id: 'ec57d4a352b27508833f574e50ff933b') in 0.069057 seconds
Number of updated asset objects reloaded before import = 1
Number of asset objects unloaded after import = 2
========================================================================
Received Import Request.
  Time since last request: 0.000016 seconds.
  path: Assets/Materials/Shell Mat 3.mat
  artifactKey: Guid(b6352f6c7b89c964d9600b6e8b27c08d) Importer(815301076,1909f56bfc062723c751e8b465ee728b)
Start importing Assets/Materials/Shell Mat 3.mat using Guid(b6352f6c7b89c964d9600b6e8b27c08d) Importer(815301076,1909f56bfc062723c751e8b465ee728b)  -> (artifact id: '87045f5618c5807fdcad72e90e845586') in 0.056167 seconds
Number of updated asset objects reloaded before import = 0
Number of asset objects unloaded after import = 2
========================================================================
Received Import Request.
  Time since last request: 42.219141 seconds.
  path: Assets/Materials/Shell Mat.mat
  artifactKey: Guid(80850ef514a8c0a4f9bd55bd9b025e1f) Importer(815301076,1909f56bfc062723c751e8b465ee728b)
Start importing Assets/Materials/Shell Mat.mat using Guid(80850ef514a8c0a4f9bd55bd9b025e1f) Importer(815301076,1909f56bfc062723c751e8b465ee728b)  -> (artifact id: '0d7ba5e82bbd0e526d6aca8507e20cdc') in 0.072513 seconds
Number of updated asset objects reloaded before import = 1
Number of asset objects unloaded after import = 2
========================================================================
Received Import Request.
  Time since last request: 0.000016 seconds.
  path: Assets/Materials/Shell Mat 4.mat
  artifactKey: Guid(1fc51ea947cd38e48bc59d8da85c3f58) Importer(815301076,1909f56bfc062723c751e8b465ee728b)
Start importing Assets/Materials/Shell Mat 4.mat using Guid(1fc51ea947cd38e48bc59d8da85c3f58) Importer(815301076,1909f56bfc062723c751e8b465ee728b)  -> (artifact id: '7a877094940fd5a572f53079999b809a') in 0.044613 seconds
Number of updated asset objects reloaded before import = 0
Number of asset objects unloaded after import = 2
========================================================================
Received Import Request.
  Time since last request: 114.310713 seconds.
  path: Assets/Materials/Shell Mat.mat
  artifactKey: Guid(80850ef514a8c0a4f9bd55bd9b025e1f) Importer(815301076,1909f56bfc062723c751e8b465ee728b)
Start importing Assets/Materials/Shell Mat.mat using Guid(80850ef514a8c0a4f9bd55bd9b025e1f) Importer(815301076,1909f56bfc062723c751e8b465ee728b)  -> (artifact id: '642fa7efb95b2fb9bae145bcfe37da65') in 0.180436 seconds
Number of updated asset objects reloaded before import = 1
Number of asset objects unloaded after import = 2
========================================================================
Received Import Request.
  Time since last request: 0.000050 seconds.
  path: Assets/Materials/Shell Mat 5.mat
  artifactKey: Guid(0c2f44643547545409a1c77f89ca47a2) Importer(815301076,1909f56bfc062723c751e8b465ee728b)
Start importing Assets/Materials/Shell Mat 5.mat using Guid(0c2f44643547545409a1c77f89ca47a2) Importer(815301076,1909f56bfc062723c751e8b465ee728b)  -> (artifact id: '947726f4ef82d327e96c83c86ce49fcc') in 0.018926 seconds
Number of updated asset objects reloaded before import = 0
Number of asset objects unloaded after import = 2
========================================================================
Received Import Request.
  Time since last request: 0.000021 seconds.
  path: Assets/Materials/Shell Mat 4.mat
  artifactKey: Guid(1fc51ea947cd38e48bc59d8da85c3f58) Importer(815301076,1909f56bfc062723c751e8b465ee728b)
Start importing Assets/Materials/Shell Mat 4.mat using Guid(1fc51ea947cd38e48bc59d8da85c3f58) Importer(815301076,1909f56bfc062723c751e8b465ee728b)  -> (artifact id: '33bedbff8509959484e03fcfaf464477') in 0.013849 seconds
Number of updated asset objects reloaded before import = 0
Number of asset objects unloaded after import = 2
========================================================================
Received Import Request.
  Time since last request: 51.624248 seconds.
  path: Assets/Materials/Shell Mat 1.mat
  artifactKey: Guid(53c9d4664db94814883cbd857fa31a27) Importer(815301076,1909f56bfc062723c751e8b465ee728b)
Start importing Assets/Materials/Shell Mat 1.mat using Guid(53c9d4664db94814883cbd857fa31a27) Importer(815301076,1909f56bfc062723c751e8b465ee728b)  -> (artifact id: '663211a7052b94ed2af45e922e2e035d') in 0.103133 seconds
Number of updated asset objects reloaded before import = 1
Number of asset objects unloaded after import = 2
========================================================================
Received Import Request.
  Time since last request: 0.000020 seconds.
  path: Assets/Materials/Shell Mat 5.mat
  artifactKey: Guid(0c2f44643547545409a1c77f89ca47a2) Importer(815301076,1909f56bfc062723c751e8b465ee728b)
Start importing Assets/Materials/Shell Mat 5.mat using Guid(0c2f44643547545409a1c77f89ca47a2) Importer(815301076,1909f56bfc062723c751e8b465ee728b)  -> (artifact id: '9548475806fdc6decd5f491d6636a883') in 0.022890 seconds
Number of updated asset objects reloaded before import = 0
Number of asset objects unloaded after import = 2
========================================================================
Received Import Request.
  Time since last request: 0.000026 seconds.
  path: Assets/Materials/Shell Mat 4.mat
  artifactKey: Guid(1fc51ea947cd38e48bc59d8da85c3f58) Importer(815301076,1909f56bfc062723c751e8b465ee728b)
Start importing Assets/Materials/Shell Mat 4.mat using Guid(1fc51ea947cd38e48bc59d8da85c3f58) Importer(815301076,1909f56bfc062723c751e8b465ee728b)  -> (artifact id: 'dbee39076d8a3e2ba4093e192b6a06a6') in 0.018832 seconds
Number of updated asset objects reloaded before import = 0
Number of asset objects unloaded after import = 2
